<?xml version="1.0" encoding="UTF-8"?>
<testsuite xmlns:xsi="http://www.w3.org/2001/XMLSchema-instance" xsi:noNamespaceSchemaLocation="https://maven.apache.org/surefire/maven-surefire-plugin/xsd/surefire-test-report.xsd" version="3.0.2" name="com.qs.biblioteca.unit.LivroValidatorParamTest" time="0.229" tests="0" errors="0" skipped="0" failures="0">
  <properties>
[...]
</properties>
  <testcase name="tituloPreeenchido_deveSerValido(String, boolean)[1]" classname="isTituloValido()" time="0.016"/>
  <testcase name="tituloPreeenchido_deveSerValido(String, boolean)[2]" classname="isTituloValido()" time="0.001"/>
  <testcase name="tituloPreeenchido_deveSerValido(String, boolean)[3]" classname="isTituloValido()" time="0.001"/>
  <testcase name="tituloPreeenchido_deveSerValido(String, boolean)[4]" classname="isTituloValido()" time="0.0"/>
  <testcase name="tituloPreeenchido_deveSerValido(String, boolean)[5]" classname="isTituloValido()" time="0.001"/>
  <testcase name="tituloNuloOuBranco_deveSerInvalido(String)[1]" classname="isTituloValido()" time="0.001"/>
  <testcase name="tituloNuloOuBranco_deveSerInvalido(String)[2]" classname="isTituloValido()" time="0.001"/>
  <testcase name="tituloNuloOuBranco_deveSerInvalido(String)[3]" classname="isTituloValido()" time="0.001"/>
  <testcase name="tituloNuloOuBranco_deveSerInvalido(String)[4]" classname="isTituloValido()" time="0.001"/>
  <testcase name="tituloNuloOuBranco_deveSerInvalido(String)[5]" classname="isTituloValido()" time="0.001"/>
  <testcase name="statusForaDoDominio_deveSerInvalido(String)[1]" classname="isStatusValido()" time="0.001"/>
  <testcase name="statusForaDoDominio_deveSerInvalido(String)[2]" classname="isStatusValido()" time="0.001"/>
  <testcase name="statusForaDoDominio_deveSerInvalido(String)[3]" classname="isStatusValido()" time="0.001"/>
  <testcase name="statusForaDoDominio_deveSerInvalido(String)[4]" classname="isStatusValido()" time="0.0"/>
  <testcase name="statusForaDoDominio_deveSerInvalido(String)[5]" classname="isStatusValido()" time="0.001"/>
  <testcase name="statusForaDoDominio_deveSerInvalido(String)[6]" classname="isStatusValido()" time="0.001"/>
  <testcase name="statusForaDoDominio_deveSerInvalido(String)[7]" classname="isStatusValido()" time="0.0"/>
  <testcase name="statusForaDoDominio_deveSerInvalido(String)[8]" classname="isStatusValido()" time="0.0"/>
  <testcase name="statusDoDominio_deveSerValido(String)[1]" classname="isStatusValido()" time="0.001"/>
  <testcase name="statusDoDominio_deveSerValido(String)[2]" classname="isStatusValido()" time="0.001"/>
  <testcase name="statusDoDominio_deveSerValido(String)[3]" classname="isStatusValido()" time="0.0"/>
  <testcase name="statusDoDominio_deveSerValido(String)[4]" classname="isStatusValido()" time="0.001"/>
  <testcase name="statusDoDominio_deveSerValido(String)[5]" classname="isStatusValido()" time="0.001"/>
  <testcase name="statusDoDominio_deveSerValido(String)[6]" classname="isStatusValido()" time="0.001"/>
  <testcase name="statusDoDominio_deveSerValido(String)[7]" classname="isStatusValido()" time="0.001"/>
  <testcase name="statusDoDominio_deveSerValido(String)[8]" classname="isStatusValido()" time="0.0"/>
  <testcase name="statusDoDominio_deveSerValido(String)[9]" classname="isStatusValido()" time="0.001"/>
  <testcase name="statusDoDominio_deveSerValido(String)[10]" classname="isStatusValido()" time="0.001"/>
  <testcase name="statusDoDominio_deveSerValido(String)[11]" classname="isStatusValido()" time="0.0"/>
  <testcase name="autorPreenchido_deveSerValido(String, boolean)[1]" classname="isAutorValido()" time="0.001"/>
  <testcase name="autorPreenchido_deveSerValido(String, boolean)[2]" classname="isAutorValido()" time="0.001"/>
  <testcase name="autorPreenchido_deveSerValido(String, boolean)[3]" classname="isAutorValido()" time="0.0"/>
  <testcase name="autorPreenchido_deveSerValido(String, boolean)[4]" classname="isAutorValido()" time="0.0"/>
  <testcase name="autorNuloOuBranco_deveSerInvalido(String)[1]" classname="isAutorValido()" time="0.0"/>
  <testcase name="autorNuloOuBranco_deveSerInvalido(String)[2]" classname="isAutorValido()" time="0.001"/>
  <testcase name="autorNuloOuBranco_deveSerInvalido(String)[3]" classname="isAutorValido()" time="0.001"/>
  <testcase name="autorNuloOuBranco_deveSerInvalido(String)[4]" classname="isAutorValido()" time="0.001"/>
  <testcase name="paginasPositivas_devemSerValidas(int)[1]" classname="isPaginasValido()" time="0.001"/>
  <testcase name="paginasPositivas_devemSerValidas(int)[2]" classname="isPaginasValido()" time="0.0"/>
  <testcase name="paginasPositivas_devemSerValidas(int)[3]" classname="isPaginasValido()" time="0.0"/>
  <testcase name="paginasPositivas_devemSerValidas(int)[4]" classname="isPaginasValido()" time="0.0"/>
  <testcase name="paginasPositivas_devemSerValidas(int)[5]" classname="isPaginasValido()" time="0.0"/>
  <testcase name="paginasZeroOuNegativo_devemSerInvalidas(int)[1]" classname="isPaginasValido()" time="0.001"/>
  <testcase name="paginasZeroOuNegativo_devemSerInvalidas(int)[2]" classname="isPaginasValido()" time="0.001"/>
  <testcase name="paginasZeroOuNegativo_devemSerInvalidas(int)[3]" classname="isPaginasValido()" time="0.001"/>
  <testcase name="paginasZeroOuNegativo_devemSerInvalidas(int)[4]" classname="isPaginasValido()" time="0.001"/>
  <testcase name="paginasNulas_saoPermitidas(Integer)[1]" classname="isPaginasValido()" time="0.0"/>
  <testcase name="coverSemProtocolo_deveSerInvalida(String)[1]" classname="isCoverValido()" time="0.001"/>
  <testcase name="coverSemProtocolo_deveSerInvalida(String)[2]" classname="isCoverValido()" time="0.001"/>
  <testcase name="coverSemProtocolo_deveSerInvalida(String)[3]" classname="isCoverValido()" time="0.001"/>
  <testcase name="coverSemProtocolo_deveSerInvalida(String)[4]" classname="isCoverValido()" time="0.001"/>
  <testcase name="coverSemProtocolo_deveSerInvalida(String)[5]" classname="isCoverValido()" time="0.0"/>
  <testcase name="coverSemProtocolo_deveSerInvalida(String)[6]" classname="isCoverValido()" time="0.001"/>
  <testcase name="coverComProtocolo_deveSerValida(String)[1]" classname="isCoverValido()" time="0.001"/>
  <testcase name="coverComProtocolo_deveSerValida(String)[2]" classname="isCoverValido()" time="0.001"/>
  <testcase name="coverComProtocolo_deveSerValida(String)[3]" classname="isCoverValido()" time="0.001"/>
  <testcase name="validacaoCompleta(Livro, boolean, String)[1]" classname="isLivroValido() – validação completa do objeto" time="0.003"/>
  <testcase name="validacaoCompleta(Livro, boolean, String)[2]" classname="isLivroValido() – validação completa do objeto" time="0.001"/>
  <testcase name="validacaoCompleta(Livro, boolean, String)[3]" classname="isLivroValido() – validação completa do objeto" time="0.001"/>
  <testcase name="validacaoCompleta(Livro, boolean, String)[4]" classname="isLivroValido() – validação completa do objeto" time="0.001"/>
  <testcase name="validacaoCompleta(Livro, boolean, String)[5]" classname="isLivroValido() – validação completa do objeto" time="0.001"/>
  <testcase name="validacaoCompleta(Livro, boolean, String)[6]" classname="isLivroValido() – validação completa do objeto" time="0.001"/>
  <testcase name="validacaoCompleta(Livro, boolean, String)[7]" classname="isLivroValido() – validação completa do objeto" time="0.001"/>
  <testcase name="validacaoCompleta(Livro, boolean, String)[8]" classname="isLivroValido() – validação completa do objeto" time="0.001"/>
  <testcase name="validacaoCompleta(Livro, boolean, String)[9]" classname="isLivroValido() – validação completa do objeto" time="0.001"/>
  <testcase name="validacaoCompleta(Livro, boolean, String)[10]" classname="isLivroValido() – validação completa do objeto" time="0.001"/>
  <testcase name="validacaoCompleta(Livro, boolean, String)[11]" classname="isLivroValido() – validação completa do objeto" time="0.001"/>
  <testcase name="validacaoCompleta(Livro, boolean, String)[12]" classname="isLivroValido() – validação completa do objeto" time="0.001"/>
  <testcase name="validacaoCompleta(Livro, boolean, String)[13]" classname="isLivroValido() – validação completa do objeto" time="0.001"/>
</testsuite>