<?xml version="1.0" encoding="UTF-8"?>
<testsuite xmlns:xsi="http://www.w3.org/2001/XMLSchema-instance" xsi:noNamespaceSchemaLocation="https://maven.apache.org/surefire/maven-surefire-plugin/xsd/surefire-test-report.xsd" version="3.0.2" name="com.qs.biblioteca.integration.LivroServiceIntegrationTest" time="3.999" tests="0" errors="0" skipped="0" failures="0">
  <properties>
[...]
</properties>
  <testcase name="salvar_devePersistirMultiplosLivros" classname="Salvar (CREATE)" time="0.076">
    <system-out><![CDATA[2026-04-26T21:55:13.989-03:00  INFO 221393 --- [           main] t.c.s.AnnotationConfigContextLoaderUtils : Could not detect default configuration classes for test class [com.qs.biblioteca.integration.LivroServiceIntegrationTest]: LivroServiceIntegrationTest does not declare any static, non-private, non-final, nested classes annotated with @Configuration.
2026-04-26T21:55:14.002-03:00  INFO 221393 --- [           main] .b.t.c.SpringBootTestContextBootstrapper : Found @SpringBootConfiguration com.qs.biblioteca.BibliotecaApplication for test class com.qs.biblioteca.integration.LivroServiceIntegrationTest
2026-04-26T21:55:14.007-03:00  INFO 221393 --- [           main] t.c.s.AnnotationConfigContextLoaderUtils : Could not detect default configuration classes for test class [com.qs.biblioteca.integration.LivroServiceIntegrationTest$SalvarTests]: SalvarTests does not declare any static, non-private, non-final, nested classes annotated with @Configuration.
2026-04-26T21:55:14.009-03:00  INFO 221393 --- [           main] .b.t.c.SpringBootTestContextBootstrapper : Found @SpringBootConfiguration com.qs.biblioteca.BibliotecaApplication for test class com.qs.biblioteca.integration.LivroServiceIntegrationTest$SalvarTests
2026-04-26T21:55:14.029-03:00  INFO 221393 --- [           main] o.s.b.d.r.RestartApplicationListener     : Restart disabled due to context in which it is running

  .   ____          _            __ _ _
 /\\ / ___'_ __ _ _(_)_ __  __ _ \ \ \ \
( ( )\___ | '_ | '_| | '_ \/ _` | \ \ \ \
 \\/  ___)| |_)| | | | | || (_| |  ) ) ) )
  '  |____| .__|_| |_|_| |_\__, | / / / /
 =========|_|==============|___/=/_/_/_/

 :: Spring Boot ::                (v4.0.3)

2026-04-26T21:55:14.061-03:00  INFO 221393 --- [           main] .LivroServiceIntegrationTest$SalvarTests : Starting LivroServiceIntegrationTest.SalvarTests using Java 21.0.10 with PID 221393 (started by limmuz in /home/limmuz/Downloads/biblioteca/backend)
2026-04-26T21:55:14.061-03:00  INFO 221393 --- [           main] .LivroServiceIntegrationTest$SalvarTests : The following 1 profile is active: "test"
2026-04-26T21:55:14.230-03:00  INFO 221393 --- [           main] .s.d.r.c.RepositoryConfigurationDelegate : Bootstrapping Spring Data MongoDB repositories in DEFAULT mode.
2026-04-26T21:55:14.242-03:00  INFO 221393 --- [           main] .s.d.r.c.RepositoryConfigurationDelegate : Finished Spring Data repository scanning in 8 ms. Found 2 MongoDB repository interfaces.
2026-04-26T21:55:14.305-03:00  INFO 221393 --- [           main] tc.mongo:7.0                             : Creating container for image: mongo:7.0
2026-04-26T21:55:14.447-03:00  INFO 221393 --- [           main] tc.mongo:7.0                             : Container mongo:7.0 is starting: 83aabf45f1e8e1a5188baf6f59bd06de7688dcbbee6d43e8743dd82f5805da86
2026-04-26T21:55:15.382-03:00  INFO 221393 --- [           main] tc.mongo:7.0                             : Container mongo:7.0 started in PT1.076849638S
2026-04-26T21:55:17.253-03:00  INFO 221393 --- [           main] org.mongodb.driver.client                : MongoClient with metadata {"driver": {"name": "mongo-java-driver|spring-boot|sync", "version": "5.6.3"}, "os": {"type": "Linux", "name": "Linux", "architecture": "amd64", "version": "6.17.0-20-generic"}, "platform": "Java/Ubuntu/21.0.10+7-Ubuntu-124.04"} created with settings MongoClientSettings{readPreference=primary, writeConcern=WriteConcern{w=null, wTimeout=null ms, journal=null}, retryWrites=true, retryReads=true, readConcern=ReadConcern{level=null}, credential=null, transportSettings=null, commandListeners=[], codecRegistry=ProvidersCodecRegistry{codecProviders=[ValueCodecProvider{}, BsonValueCodecProvider{}, DBRefCodecProvider{}, DBObjectCodecProvider{}, DocumentCodecProvider{}, CollectionCodecProvider{}, IterableCodecProvider{}, MapCodecProvider{}, GeoJsonCodecProvider{}, GridFSFileCodecProvider{}, Jsr310CodecProvider{}, JsonObjectCodecProvider{}, BsonCodecProvider{}, com.mongodb.client.model.mql.ExpressionCodecProvider@422f7c73, com.mongodb.Jep395RecordCodecProvider@58ef8069, com.mongodb.KotlinCodecProvider@14d0e7da, EnumCodecProvider{}]}, loggerSettings=LoggerSettings{maxDocumentLength=1000}, clusterSettings={hosts=[localhost:32776], srvServiceName=mongodb, mode=SINGLE, requiredClusterType=UNKNOWN, requiredReplicaSetName='null', serverSelector='null', clusterListeners='[]', serverSelectionTimeout='30000 ms', localThreshold='15 ms'}, socketSettings=SocketSettings{connectTimeoutMS=10000, readTimeoutMS=0, receiveBufferSize=0, proxySettings=ProxySettings{host=null, port=null, username=null, password=null}}, heartbeatSocketSettings=SocketSettings{connectTimeoutMS=10000, readTimeoutMS=10000, receiveBufferSize=0, proxySettings=ProxySettings{host=null, port=null, username=null, password=null}}, connectionPoolSettings=ConnectionPoolSettings{maxSize=100, minSize=0, maxWaitTimeMS=120000, maxConnectionLifeTimeMS=0, maxConnectionIdleTimeMS=0, maintenanceInitialDelayMS=0, maintenanceFrequencyMS=60000, connectionPoolListeners=[], maxConnecting=2}, serverSettings=ServerSettings{heartbeatFrequencyMS=10000, minHeartbeatFrequencyMS=500, serverMonitoringMode=AUTO, serverListeners='[]', serverMonitorListeners='[]'}, sslSettings=SslSettings{enabled=false, invalidHostNameAllowed=false, context=null}, applicationName='null', compressorList=[], uuidRepresentation=UNSPECIFIED, serverApi=null, autoEncryptionSettings=null, dnsClient=null, inetAddressResolver=null, contextProvider=null, timeoutMS=null}
2026-04-26T21:55:17.259-03:00  INFO 221393 --- [localhost:32776] org.mongodb.driver.cluster               : Monitor thread successfully connected to server with description ServerDescription{address=localhost:32776, type=REPLICA_SET_PRIMARY, cryptd=false, state=CONNECTED, ok=true, minWireVersion=0, maxWireVersion=21, maxDocumentSize=16777216, logicalSessionTimeoutMinutes=30, roundTripTimeNanos=2224508, minRoundTripTimeNanos=0, setName='docker-rs', canonicalAddress=83aabf45f1e8:27017, hosts=[83aabf45f1e8:27017], passives=[], arbiters=[], primary='83aabf45f1e8:27017', tagSet=TagSet{[]}, electionId=7fffffff0000000000000001, setVersion=1, topologyVersion=TopologyVersion{processId=69eeb3f298c04f50ae4fe10c, counter=6}, lastWriteDate=Sun Apr 26 21:55:17 BRT 2026, lastUpdateTimeNanos=25330757633519}
2026-04-26T21:55:17.370-03:00  WARN 221393 --- [           main] .s.a.UserDetailsServiceAutoConfiguration : 

Using generated security password: a80d917d-a9f9-4040-882b-8dfabd41bf26

This generated password is for development use only. Your security configuration must be updated before running your application in production.

2026-04-26T21:55:17.371-03:00  INFO 221393 --- [           main] r$InitializeUserDetailsManagerConfigurer : Global AuthenticationManager configured with UserDetailsService bean with name inMemoryUserDetailsManager
2026-04-26T21:55:17.495-03:00  INFO 221393 --- [           main] .LivroServiceIntegrationTest$SalvarTests : Started LivroServiceIntegrationTest.SalvarTests in 3.467 seconds (process running for 30.376)
]]></system-out>
  </testcase>
  <testcase name="salvar_deveGerarId" classname="Salvar (CREATE)" time="0.014"/>
  <testcase name="salvar_devePersistirTodosOsCampos" classname="Salvar (CREATE)" time="0.021"/>
  <testcase name="buscarPorTituloOuAutor_deveRetornarUniao" classname="Busca por título e autor" time="0.033">
    <system-out><![CDATA[2026-04-26T21:55:17.630-03:00  INFO 221393 --- [           main] t.c.s.AnnotationConfigContextLoaderUtils : Could not detect default configuration classes for test class [com.qs.biblioteca.integration.LivroServiceIntegrationTest$BuscaPersonalizadaTests]: BuscaPersonalizadaTests does not declare any static, non-private, non-final, nested classes annotated with @Configuration.
2026-04-26T21:55:17.635-03:00  INFO 221393 --- [           main] .b.t.c.SpringBootTestContextBootstrapper : Found @SpringBootConfiguration com.qs.biblioteca.BibliotecaApplication for test class com.qs.biblioteca.integration.LivroServiceIntegrationTest$BuscaPersonalizadaTests
]]></system-out>
  </testcase>
  <testcase name="buscarPorAutor_parcial_caseInsensitive" classname="Busca por título e autor" time="0.032"/>
  <testcase name="buscarPorTitulo_parcial_caseInsensitive" classname="Busca por título e autor" time="0.023"/>
  <testcase name="buscarSemCorrespondencia_deveRetornarListaVazia" classname="Busca por título e autor" time="0.019"/>
  <testcase name="atualizar_deveRefletirNaConsulta" classname="Atualizar (UPDATE)" time="0.023">
    <system-out><![CDATA[2026-04-26T21:55:17.755-03:00  INFO 221393 --- [           main] t.c.s.AnnotationConfigContextLoaderUtils : Could not detect default configuration classes for test class [com.qs.biblioteca.integration.LivroServiceIntegrationTest$AtualizarTests]: AtualizarTests does not declare any static, non-private, non-final, nested classes annotated with @Configuration.
2026-04-26T21:55:17.757-03:00  INFO 221393 --- [           main] .b.t.c.SpringBootTestContextBootstrapper : Found @SpringBootConfiguration com.qs.biblioteca.BibliotecaApplication for test class com.qs.biblioteca.integration.LivroServiceIntegrationTest$AtualizarTests
]]></system-out>
  </testcase>
  <testcase name="atualizar_deveManterId" classname="Atualizar (UPDATE)" time="0.028"/>
  <testcase name="findAll_emBancoVazio_deveRetornarListaVazia" classname="Buscar (READ)" time="0.011">
    <system-out><![CDATA[2026-04-26T21:55:17.816-03:00  INFO 221393 --- [           main] t.c.s.AnnotationConfigContextLoaderUtils : Could not detect default configuration classes for test class [com.qs.biblioteca.integration.LivroServiceIntegrationTest$BuscarTests]: BuscarTests does not declare any static, non-private, non-final, nested classes annotated with @Configuration.
2026-04-26T21:55:17.819-03:00  INFO 221393 --- [           main] .b.t.c.SpringBootTestContextBootstrapper : Found @SpringBootConfiguration com.qs.biblioteca.BibliotecaApplication for test class com.qs.biblioteca.integration.LivroServiceIntegrationTest$BuscarTests
]]></system-out>
  </testcase>
  <testcase name="findById_deveRetornarLivroExistente" classname="Buscar (READ)" time="0.013"/>
  <testcase name="findById_deveRetornarVazioParaIdInexistente" classname="Buscar (READ)" time="0.01"/>
  <testcase name="findAll_deveRetornarTodosOsLivros" classname="Buscar (READ)" time="0.017"/>
  <testcase name="deletar_deveRemoverDoRepositorio" classname="Remover (DELETE)" time="0.026">
    <system-out><![CDATA[2026-04-26T21:55:17.881-03:00  INFO 221393 --- [           main] t.c.s.AnnotationConfigContextLoaderUtils : Could not detect default configuration classes for test class [com.qs.biblioteca.integration.LivroServiceIntegrationTest$RemoverTests]: RemoverTests does not declare any static, non-private, non-final, nested classes annotated with @Configuration.
2026-04-26T21:55:17.883-03:00  INFO 221393 --- [           main] .b.t.c.SpringBootTestContextBootstrapper : Found @SpringBootConfiguration com.qs.biblioteca.BibliotecaApplication for test class com.qs.biblioteca.integration.LivroServiceIntegrationTest$RemoverTests
]]></system-out>
  </testcase>
  <testcase name="deleteAll_deveEsvaziarRepositorio" classname="Remover (DELETE)" time="0.036"/>
  <testcase name="deletar_existsByIdDeveRetornarFalse" classname="Remover (DELETE)" time="0.023"/>
</testsuite>