<?xml version="1.0" encoding="UTF-8"?>
<testsuite xmlns:xsi="http://www.w3.org/2001/XMLSchema-instance" xsi:noNamespaceSchemaLocation="https://maven.apache.org/surefire/maven-surefire-plugin/xsd/surefire-test-report.xsd" version="3.0.2" name="com.qs.biblioteca.e2e.AuthE2ETest" time="19.556" tests="0" errors="0" skipped="0" failures="0">
  <properties>
[...]
</properties>
  <testcase name="register_comEmailInvalido_deveRetornar400" classname="POST /api/auth/register" time="1.304">
    <system-out><![CDATA[21:54:50.574 [main] INFO org.springframework.test.context.support.AnnotationConfigContextLoaderUtils -- Could not detect default configuration classes for test class [com.qs.biblioteca.e2e.AuthE2ETest]: AuthE2ETest does not declare any static, non-private, non-final, nested classes annotated with @Configuration.
21:54:50.762 [main] INFO org.springframework.boot.test.context.SpringBootTestContextBootstrapper -- Found @SpringBootConfiguration com.qs.biblioteca.BibliotecaApplication for test class com.qs.biblioteca.e2e.AuthE2ETest
21:54:51.654 [main] INFO org.springframework.test.context.support.AnnotationConfigContextLoaderUtils -- Could not detect default configuration classes for test class [com.qs.biblioteca.e2e.AuthE2ETest$RegistroTests]: RegistroTests does not declare any static, non-private, non-final, nested classes annotated with @Configuration.
21:54:51.660 [main] INFO org.springframework.boot.test.context.SpringBootTestContextBootstrapper -- Found @SpringBootConfiguration com.qs.biblioteca.BibliotecaApplication for test class com.qs.biblioteca.e2e.AuthE2ETest$RegistroTests
21:54:52.455 [main] INFO org.springframework.boot.devtools.restart.RestartApplicationListener -- Restart disabled due to context in which it is running

  .   ____          _            __ _ _
 /\\ / ___'_ __ _ _(_)_ __  __ _ \ \ \ \
( ( )\___ | '_ | '_| | '_ \/ _` | \ \ \ \
 \\/  ___)| |_)| | | | | || (_| |  ) ) ) )
  '  |____| .__|_| |_|_| |_\__, | / / / /
 =========|_|==============|___/=/_/_/_/

 :: Spring Boot ::                (v4.0.3)

2026-04-26T21:54:52.838-03:00  INFO 221393 --- [           main] c.q.b.e2e.AuthE2ETest$RegistroTests      : Starting AuthE2ETest.RegistroTests using Java 21.0.10 with PID 221393 (started by limmuz in /home/limmuz/Downloads/biblioteca/backend)
2026-04-26T21:54:52.840-03:00  INFO 221393 --- [           main] c.q.b.e2e.AuthE2ETest$RegistroTests      : The following 1 profile is active: "test"
2026-04-26T21:54:53.567-03:00  INFO 221393 --- [           main] .s.d.r.c.RepositoryConfigurationDelegate : Bootstrapping Spring Data MongoDB repositories in DEFAULT mode.
2026-04-26T21:54:53.615-03:00  INFO 221393 --- [           main] .s.d.r.c.RepositoryConfigurationDelegate : Finished Spring Data repository scanning in 40 ms. Found 2 MongoDB repository interfaces.
2026-04-26T21:54:54.570-03:00  INFO 221393 --- [           main] o.s.boot.tomcat.TomcatWebServer          : Tomcat initialized with port 0 (http)
2026-04-26T21:54:54.597-03:00  INFO 221393 --- [           main] o.apache.catalina.core.StandardService   : Starting service [Tomcat]
2026-04-26T21:54:54.598-03:00  INFO 221393 --- [           main] o.apache.catalina.core.StandardEngine    : Starting Servlet engine: [Apache Tomcat/11.0.18]
2026-04-26T21:54:54.641-03:00  INFO 221393 --- [           main] b.w.c.s.WebApplicationContextInitializer : Root WebApplicationContext: initialization completed in 1767 ms
2026-04-26T21:54:54.768-03:00  INFO 221393 --- [           main] org.testcontainers.images.PullPolicy     : Image pull policy will be performed by: DefaultPullPolicy()
2026-04-26T21:54:54.770-03:00  INFO 221393 --- [           main] o.t.utility.ImageNameSubstitutor         : Image name substitution will be performed by: DefaultImageNameSubstitutor (composite of 'ConfigurationFileImageNameSubstitutor' and 'PrefixingImageNameSubstitutor')
2026-04-26T21:54:55.012-03:00  INFO 221393 --- [           main] o.t.d.DockerClientProviderStrategy       : Loaded org.testcontainers.dockerclient.UnixSocketClientProviderStrategy from ~/.testcontainers.properties, will try it first
2026-04-26T21:54:55.461-03:00  INFO 221393 --- [           main] o.t.d.DockerClientProviderStrategy       : Found Docker environment with local Unix socket (unix:///var/run/docker.sock)
2026-04-26T21:54:55.463-03:00  INFO 221393 --- [           main] org.testcontainers.DockerClientFactory   : Docker host IP address is localhost
2026-04-26T21:54:55.531-03:00  INFO 221393 --- [           main] org.testcontainers.DockerClientFactory   : Connected to docker: 
  Server Version: 28.2.2
  API Version: 1.50
  Operating System: Linux Mint 22.2
  Total Memory: 3637 MB
2026-04-26T21:54:55.594-03:00  INFO 221393 --- [           main] tc.testcontainers/ryuk:0.6.0             : Creating container for image: testcontainers/ryuk:0.6.0
2026-04-26T21:54:55.602-03:00  INFO 221393 --- [           main] o.t.utility.RegistryAuthLocator          : Failure when attempting to lookup auth config. Please ignore if you don't have images in an authenticated registry. Details: (dockerImageName: testcontainers/ryuk:0.6.0, configFile: /home/limmuz/.docker/config.json, configEnv: DOCKER_AUTH_CONFIG). Falling back to docker-java default behaviour. Exception message: Status 404: No config supplied. Checked in order: /home/limmuz/.docker/config.json (file not found), DOCKER_AUTH_CONFIG (not set)
2026-04-26T21:54:55.977-03:00  INFO 221393 --- [           main] tc.testcontainers/ryuk:0.6.0             : Container testcontainers/ryuk:0.6.0 is starting: 5e3ba80b3da021688be4fdba5aae1e97293c677cdce77022cea59b8b0c8a4b2d
2026-04-26T21:54:57.352-03:00  INFO 221393 --- [           main] tc.testcontainers/ryuk:0.6.0             : Container testcontainers/ryuk:0.6.0 started in PT1.757556011S
2026-04-26T21:54:57.372-03:00  INFO 221393 --- [           main] o.t.utility.RyukResourceReaper           : Ryuk started - will monitor and terminate Testcontainers containers on JVM exit
2026-04-26T21:54:57.373-03:00  INFO 221393 --- [           main] org.testcontainers.DockerClientFactory   : Checking the system...
2026-04-26T21:54:57.374-03:00  INFO 221393 --- [           main] org.testcontainers.DockerClientFactory   : ✔︎ Docker server version should be at least 1.6.0
2026-04-26T21:54:57.374-03:00  INFO 221393 --- [           main] tc.mongo:7.0                             : Creating container for image: mongo:7.0
2026-04-26T21:54:57.489-03:00  INFO 221393 --- [           main] tc.mongo:7.0                             : Container mongo:7.0 is starting: bd8aa363b3e7044debcc667684e20df607753afaabac65052f89747176b83ba9
2026-04-26T21:54:59.932-03:00  INFO 221393 --- [           main] tc.mongo:7.0                             : Container mongo:7.0 started in PT2.557527999S
2026-04-26T21:55:04.738-03:00  INFO 221393 --- [           main] org.mongodb.driver.client                : MongoClient with metadata {"driver": {"name": "mongo-java-driver|spring-boot|sync", "version": "5.6.3"}, "os": {"type": "Linux", "name": "Linux", "architecture": "amd64", "version": "6.17.0-20-generic"}, "platform": "Java/Ubuntu/21.0.10+7-Ubuntu-124.04"} created with settings MongoClientSettings{readPreference=primary, writeConcern=WriteConcern{w=null, wTimeout=null ms, journal=null}, retryWrites=true, retryReads=true, readConcern=ReadConcern{level=null}, credential=null, transportSettings=null, commandListeners=[], codecRegistry=ProvidersCodecRegistry{codecProviders=[ValueCodecProvider{}, BsonValueCodecProvider{}, DBRefCodecProvider{}, DBObjectCodecProvider{}, DocumentCodecProvider{}, CollectionCodecProvider{}, IterableCodecProvider{}, MapCodecProvider{}, GeoJsonCodecProvider{}, GridFSFileCodecProvider{}, Jsr310CodecProvider{}, JsonObjectCodecProvider{}, BsonCodecProvider{}, com.mongodb.client.model.mql.ExpressionCodecProvider@422f7c73, com.mongodb.Jep395RecordCodecProvider@58ef8069, com.mongodb.KotlinCodecProvider@14d0e7da, EnumCodecProvider{}]}, loggerSettings=LoggerSettings{maxDocumentLength=1000}, clusterSettings={hosts=[localhost:32775], srvServiceName=mongodb, mode=SINGLE, requiredClusterType=UNKNOWN, requiredReplicaSetName='null', serverSelector='null', clusterListeners='[]', serverSelectionTimeout='30000 ms', localThreshold='15 ms'}, socketSettings=SocketSettings{connectTimeoutMS=10000, readTimeoutMS=0, receiveBufferSize=0, proxySettings=ProxySettings{host=null, port=null, username=null, password=null}}, heartbeatSocketSettings=SocketSettings{connectTimeoutMS=10000, readTimeoutMS=10000, receiveBufferSize=0, proxySettings=ProxySettings{host=null, port=null, username=null, password=null}}, connectionPoolSettings=ConnectionPoolSettings{maxSize=100, minSize=0, maxWaitTimeMS=120000, maxConnectionLifeTimeMS=0, maxConnectionIdleTimeMS=0, maintenanceInitialDelayMS=0, maintenanceFrequencyMS=60000, connectionPoolListeners=[], maxConnecting=2}, serverSettings=ServerSettings{heartbeatFrequencyMS=10000, minHeartbeatFrequencyMS=500, serverMonitoringMode=AUTO, serverListeners='[]', serverMonitorListeners='[]'}, sslSettings=SslSettings{enabled=false, invalidHostNameAllowed=false, context=null}, applicationName='null', compressorList=[], uuidRepresentation=UNSPECIFIED, serverApi=null, autoEncryptionSettings=null, dnsClient=null, inetAddressResolver=null, contextProvider=null, timeoutMS=null}
2026-04-26T21:55:04.780-03:00  INFO 221393 --- [localhost:32775] org.mongodb.driver.cluster               : Monitor thread successfully connected to server with description ServerDescription{address=localhost:32775, type=REPLICA_SET_PRIMARY, cryptd=false, state=CONNECTED, ok=true, minWireVersion=0, maxWireVersion=21, maxDocumentSize=16777216, logicalSessionTimeoutMinutes=30, roundTripTimeNanos=51567784, minRoundTripTimeNanos=0, setName='docker-rs', canonicalAddress=bd8aa363b3e7:27017, hosts=[bd8aa363b3e7:27017], passives=[], arbiters=[], primary='bd8aa363b3e7:27017', tagSet=TagSet{[]}, electionId=7fffffff0000000000000001, setVersion=1, topologyVersion=TopologyVersion{processId=69eeb3e2acfea8c115d8700d, counter=6}, lastWriteDate=Sun Apr 26 21:55:03 BRT 2026, lastUpdateTimeNanos=25318266349867}
2026-04-26T21:55:05.452-03:00  WARN 221393 --- [           main] .s.a.UserDetailsServiceAutoConfiguration : 

Using generated security password: efacf300-ec8e-4d5c-b6b0-84647cf85163

This generated password is for development use only. Your security configuration must be updated before running your application in production.

2026-04-26T21:55:05.465-03:00  INFO 221393 --- [           main] r$InitializeUserDetailsManagerConfigurer : Global AuthenticationManager configured with UserDetailsService bean with name inMemoryUserDetailsManager
2026-04-26T21:55:06.118-03:00  INFO 221393 --- [           main] o.s.boot.tomcat.TomcatWebServer          : Tomcat started on port 35415 (http) with context path '/'
2026-04-26T21:55:06.128-03:00  INFO 221393 --- [           main] c.q.b.e2e.AuthE2ETest$RegistroTests      : Started AuthE2ETest.RegistroTests in 13.69 seconds (process running for 19.009)
2026-04-26T21:55:07.179-03:00  INFO 221393 --- [o-auto-1-exec-1] o.a.c.c.C.[Tomcat].[localhost].[/]       : Initializing Spring DispatcherServlet 'dispatcherServlet'
2026-04-26T21:55:07.179-03:00  INFO 221393 --- [o-auto-1-exec-1] o.s.web.servlet.DispatcherServlet        : Initializing Servlet 'dispatcherServlet'
2026-04-26T21:55:07.180-03:00  INFO 221393 --- [o-auto-1-exec-1] o.s.web.servlet.DispatcherServlet        : Completed initialization in 1 ms
2026-04-26T21:55:07.393-03:00  WARN 221393 --- [o-auto-1-exec-1] .w.s.m.s.DefaultHandlerExceptionResolver : Resolved [org.springframework.web.bind.MethodArgumentNotValidException: Validation failed for argument [0] in public org.springframework.http.ResponseEntity<com.qs.biblioteca.dto.AuthResponse> com.qs.biblioteca.controller.AuthController.register(com.qs.biblioteca.dto.RegisterRequest): [Field error in object 'registerRequest' on field 'email': rejected value [email-invalido-sem-arroba]; codes [Email.registerRequest.email,Email.email,Email.java.lang.String,Email]; arguments [org.springframework.context.support.DefaultMessageSourceResolvable: codes [registerRequest.email,email]; arguments []; default message [email],[Ljakarta.validation.constraints.Pattern$Flag;@1828a810,.*]; default message [O email deve ser válido]] ]
]]></system-out>
    <system-err><![CDATA[Mockito is currently self-attaching to enable the inline-mock-maker. This will no longer work in future releases of the JDK. Please add Mockito as an agent to your build as described in Mockito's documentation: https://javadoc.io/doc/org.mockito/mockito-core/latest/org.mockito/org/mockito/Mockito.html#0.3
WARNING: A Java agent has been loaded dynamically (/home/limmuz/.m2/repository/net/bytebuddy/byte-buddy-agent/1.17.8/byte-buddy-agent-1.17.8.jar)
WARNING: If a serviceability tool is in use, please run with -XX:+EnableDynamicAgentLoading to hide this warning
WARNING: If a serviceability tool is not in use, please run with -Djdk.instrument.traceUsage for more information
WARNING: Dynamic loading of agents will be disallowed by default in a future release
]]></system-err>
  </testcase>
  <testcase name="register_comEmailDuplicado_deveRetornar409" classname="POST /api/auth/register" time="1.126"/>
  <testcase name="register_comSenhaCurta_deveRetornar400" classname="POST /api/auth/register" time="0.021">
    <system-out><![CDATA[2026-04-26T21:55:08.596-03:00  WARN 221393 --- [o-auto-1-exec-4] .w.s.m.s.DefaultHandlerExceptionResolver : Resolved [org.springframework.web.bind.MethodArgumentNotValidException: Validation failed for argument [0] in public org.springframework.http.ResponseEntity<com.qs.biblioteca.dto.AuthResponse> com.qs.biblioteca.controller.AuthController.register(com.qs.biblioteca.dto.RegisterRequest): [Field error in object 'registerRequest' on field 'senha': rejected value [12345]; codes [Size.registerRequest.senha,Size.senha,Size.java.lang.String,Size]; arguments [org.springframework.context.support.DefaultMessageSourceResolvable: codes [registerRequest.senha,senha]; arguments []; default message [senha],2147483647,6]; default message [A senha deve ter pelo menos 6 caracteres]] ]
]]></system-out>
  </testcase>
  <testcase name="register_comDadosValidos_deveRetornarToken" classname="POST /api/auth/register" time="0.096"/>
  <testcase name="register_devePersistirUsuarioNoBanco" classname="POST /api/auth/register" time="0.255"/>
  <testcase name="login_comCredenciaisCorretas_deveRetornarJwt" classname="POST /api/auth/login" time="0.219">
    <system-out><![CDATA[2026-04-26T21:55:08.982-03:00  INFO 221393 --- [           main] t.c.s.AnnotationConfigContextLoaderUtils : Could not detect default configuration classes for test class [com.qs.biblioteca.e2e.AuthE2ETest$LoginTests]: LoginTests does not declare any static, non-private, non-final, nested classes annotated with @Configuration.
2026-04-26T21:55:08.990-03:00  INFO 221393 --- [           main] .b.t.c.SpringBootTestContextBootstrapper : Found @SpringBootConfiguration com.qs.biblioteca.BibliotecaApplication for test class com.qs.biblioteca.e2e.AuthE2ETest$LoginTests
]]></system-out>
  </testcase>
  <testcase name="login_comSenhaErrada_deveRetornar401" classname="POST /api/auth/login" time="0.181"/>
  <testcase name="login_comEmailEmMaiusculo_deveAutenticar" classname="POST /api/auth/login" time="0.17"/>
  <testcase name="login_comEmailNaoCadastrado_deveRetornar401" classname="POST /api/auth/login" time="0.114"/>
  <testcase name="login_comEmailMalFormatado_deveRetornar400" classname="POST /api/auth/login" time="0.116">
    <system-out><![CDATA[2026-04-26T21:55:09.808-03:00  WARN 221393 --- [o-auto-1-exec-6] .w.s.m.s.DefaultHandlerExceptionResolver : Resolved [org.springframework.web.bind.MethodArgumentNotValidException: Validation failed for argument [0] in public org.springframework.http.ResponseEntity<com.qs.biblioteca.dto.AuthResponse> com.qs.biblioteca.controller.AuthController.login(com.qs.biblioteca.dto.AuthRequest): [Field error in object 'authRequest' on field 'email': rejected value [nao-e-um-email]; codes [Email.authRequest.email,Email.email,Email.java.lang.String,Email]; arguments [org.springframework.context.support.DefaultMessageSourceResolvable: codes [authRequest.email,email]; arguments []; default message [email],[Ljakarta.validation.constraints.Pattern$Flag;@1828a810,.*]; default message [deve ser um endereço de e-mail bem formado]] ]
]]></system-out>
  </testcase>
</testsuite>